0 info it worked if it ends with ok
1 verbose cli [ '/Users/davis_chang/.nvm/versions/node/v4.3.2/bin/node',
1 verbose cli   '/Users/davis_chang/.nvm/versions/node/v4.3.2/bin/npm',
1 verbose cli   'run',
1 verbose cli   'ethereum/deploy.js' ]
2 info using npm@3.7.2
3 info using node@v4.3.2
4 verbose stack Error: missing script: ethereum/deploy.js
4 verbose stack     at run (/Users/davis_chang/.nvm/versions/node/v4.3.2/lib/node_modules/npm/lib/run-script.js:147:19)
4 verbose stack     at /Users/davis_chang/.nvm/versions/node/v4.3.2/lib/node_modules/npm/lib/run-script.js:57:5
4 verbose stack     at /Users/davis_chang/.nvm/versions/node/v4.3.2/lib/node_modules/npm/node_modules/read-package-json/read-json.js:345:5
4 verbose stack     at checkBinReferences_ (/Users/davis_chang/.nvm/versions/node/v4.3.2/lib/node_modules/npm/node_modules/read-package-json/read-json.js:309:45)
4 verbose stack     at final (/Users/davis_chang/.nvm/versions/node/v4.3.2/lib/node_modules/npm/node_modules/read-package-json/read-json.js:343:3)
4 verbose stack     at then (/Users/davis_chang/.nvm/versions/node/v4.3.2/lib/node_modules/npm/node_modules/read-package-json/read-json.js:113:5)
4 verbose stack     at /Users/davis_chang/.nvm/versions/node/v4.3.2/lib/node_modules/npm/node_modules/read-package-json/read-json.js:300:12
4 verbose stack     at /Users/davis_chang/.nvm/versions/node/v4.3.2/lib/node_modules/npm/node_modules/graceful-fs/graceful-fs.js:78:16
4 verbose stack     at FSReqWrap.readFileAfterClose [as oncomplete] (fs.js:380:3)
5 verbose cwd /Users/davis_chang/project/blockchain/udemy-class/smart-contract-kickstart
6 error Darwin 17.2.0
7 error argv "/Users/davis_chang/.nvm/versions/node/v4.3.2/bin/node" "/Users/davis_chang/.nvm/versions/node/v4.3.2/bin/npm" "run" "ethereum/deploy.js"
8 error node v4.3.2
9 error npm  v3.7.2
10 error missing script: ethereum/deploy.js
11 error If you need help, you may report this error at:
11 error     <https://github.com/npm/npm/issues>
12 verbose exit [ 1, true ]
